1713598764894	geckodriver	INFO	Listening on 127.0.0.1:56493
1713598768379	mozrunner::runner	INFO	Running command: "C:\\Users\\awaghmare\\.cache\\selenium\\firefox\\win64\\125.0.1\\firefox.exe" "--marionette" "--remote-debu ... "--remote-allow-hosts" "localhost" "-no-remote" "-profile" "C:\\Users\\AWAGHM~1\\AppData\\Local\\Temp\\rust_mozprofileQXWvsu"
console.warn: services.settings: Ignoring preference override of remote settings server
console.warn: services.settings: Allow by setting MOZ_REMOTE_SETTINGS_DEVTOOLS=1 in the environment
Dynamically enable window occlusion 0
1713598769513	Marionette	INFO	Marionette enabled
1713598769660	Marionette	INFO	Listening on port 56516
WebDriver BiDi listening on ws://127.0.0.1:56494
Read port: 56516
1713598769923	RemoteAgent	WARN	TLS certificate errors will be ignored for this session
DevTools listening on ws://127.0.0.1:56494/devtools/browser/218a7192-def4-453a-a2ed-229377255df1
1713598799673	addons.xpi	ERROR	System addon update list error SyntaxError: XMLHttpRequest.open: 'http://%(server)s/dummy-system-addons.xml' is not a valid URL.
JavaScript warning: https://www.googletagmanager.com/gtag/js?id=G-SCT41TW89V, line 164: Script terminated by timeout at:
l@https://www.googletagmanager.com/gtag/js?id=G-SCT41TW89V:164:917
Dl@https://www.googletagmanager.com/gtag/js?id=G-SCT41TW89V:318:587
mm@https://www.googletagmanager.com/gtag/js?id=G-SCT41TW89V:323:613
rG/<@https://www.googletagmanager.com/gtag/js?id=G-SCT41TW89V:637:178
aa.tk/<@https://www.googletagmanager.com/gtag/js?id=G-SCT41TW89V:585:126
aa.tk/c/<@https://www.googletagmanager.com/gtag/js?id=G-SCT41TW89V:584:420
c@https://demo.nopcommerce.com/cdn-cgi/scripts/7d0fa10a/cloudflare-static/rocket-loader.min.js:1:9405

1713631024321	Marionette	INFO	Stopped listening on port 56516
Dynamically enable window occlusion 1
!!! error running onStopped callback: TypeError: callback is not a function
